<?xml version="1.0" encoding="UTF-8"?>
<testsuite name="de.demo.DiscountServiceTest" tests="2" skipped="0" failures="0" errors="0" timestamp="2025-06-10T19:17:42.296Z" hostname="MacBook-Air-von-Mahmoud.fritz.box" time="0.014">
  <properties/>
  <testcase name="testApplyDiscountValid()" classname="de.demo.DiscountServiceTest" time="0.012"/>
  <testcase name="testApplyDiscountTooLow()" classname="de.demo.DiscountServiceTest" time="0.001"/>
  <system-out><![CDATA[]]></system-out>
  <system-err><![CDATA[]]></system-err>
</testsuite>
