<?xml version="1.0" encoding="UTF-8"?>
<testsuite name="de.demo.DiscountServiceTest" tests="2" skipped="0" failures="0" errors="0" timestamp="2025-06-11T06:35:11.502Z" hostname="MacBook-Air-von-Mahmoud.local" time="0.009">
  <properties/>
  <testcase name="testApplyDiscountValid()" classname="de.demo.DiscountServiceTest" time="0.008"/>
  <testcase name="testApplyDiscountTooLow()" classname="de.demo.DiscountServiceTest" time="0.0"/>
  <system-out><![CDATA[]]></system-out>
  <system-err><![CDATA[]]></system-err>
</testsuite>
